This file contains any messages produced by compilers while
running configure, to aid debugging if configure makes a mistake.

It was created by libtobor_io configure 1.0, which was
generated by GNU Autoconf 2.69.  Invocation command line was

  $ /work/projects/tobor/libtobor_io/configure --host=arm-raspi-linux-gnueabi

## --------- ##
## Platform. ##
## --------- ##

hostname = hframec
uname -m = x86_64
uname -r = 3.13.0-48-generic
uname -s = Linux
uname -v = #80-Ubuntu SMP Thu Mar 12 11:16:15 UTC 2015

/usr/bin/uname -p = unknown
/bin/uname -X     = unknown

/bin/arch              = unknown
/usr/bin/arch -k       = unknown
/usr/convex/getsysinfo = unknown
/usr/bin/hostinfo      = unknown
/bin/machine           = unknown
/usr/bin/oslevel       = unknown
/bin/universe          = unknown

PATH: /usr/local/sbin
PATH: /usr/local/bin
PATH: /usr/sbin
PATH: /usr/bin
PATH: /sbin
PATH: /bin
PATH: /usr/games
PATH: /usr/local/games
PATH: /work/raspberrypi/toolchainraspi/chain/bin


## ----------- ##
## Core tests. ##
## ----------- ##

configure:2123: checking for arm-raspi-linux-gnueabi-gcc
configure:2139: found /work/raspberrypi/toolchainraspi/chain/bin/arm-raspi-linux-gnueabi-gcc
configure:2150: result: arm-raspi-linux-gnueabi-gcc
configure:2419: checking for C compiler version
configure:2428: arm-raspi-linux-gnueabi-gcc --version >&5
arm-raspi-linux-gnueabi-gcc (GCC) 4.9.2
Copyright (C) 2014 Free Software Foundation, Inc.
This is free software; see the source for copying conditions.  There is NO
warranty; not even for MERCHANTABILITY or FITNESS FOR A PARTICULAR PURPOSE.

configure:2439: $? = 0
configure:2428: arm-raspi-linux-gnueabi-gcc -v >&5
Using built-in specs.
COLLECT_GCC=arm-raspi-linux-gnueabi-gcc
COLLECT_LTO_WRAPPER=/work/raspberrypi/toolchainraspi/chain/libexec/gcc/arm-raspi-linux-gnueabi/4.9.2/lto-wrapper
Target: arm-raspi-linux-gnueabi
Configured with: ../gcc-4.9.2/configure --prefix=/work/raspberrypi/toolchainraspi/chain --target=arm-raspi-linux-gnueabi --enable-languages=c,c++ --disable-multilib --with-cpu=arm1176jzf-s --with-tune=arm1176jzf-s --with-float=hard --with-native-system-header-dir=/include --with-sysroot=/work/raspberrypi/toolchainraspi/rootfs
Thread model: posix
gcc version 4.9.2 (GCC) 
configure:2439: $? = 0
configure:2428: arm-raspi-linux-gnueabi-gcc -V >&5
arm-raspi-linux-gnueabi-gcc: error: unrecognized command line option '-V'
arm-raspi-linux-gnueabi-gcc: fatal error: no input files
compilation terminated.
configure:2439: $? = 1
configure:2428: arm-raspi-linux-gnueabi-gcc -qversion >&5
arm-raspi-linux-gnueabi-gcc: error: unrecognized command line option '-qversion'
arm-raspi-linux-gnueabi-gcc: fatal error: no input files
compilation terminated.
configure:2439: $? = 1
configure:2459: checking whether the C compiler works
configure:2481: arm-raspi-linux-gnueabi-gcc    conftest.c  >&5
configure:2485: $? = 0
configure:2533: result: yes
configure:2536: checking for C compiler default output file name
configure:2538: result: a.out
configure:2544: checking for suffix of executables
configure:2551: arm-raspi-linux-gnueabi-gcc -o conftest    conftest.c  >&5
configure:2555: $? = 0
configure:2577: result: 
configure:2599: checking whether we are cross compiling
configure:2607: arm-raspi-linux-gnueabi-gcc -o conftest    conftest.c  >&5
configure:2611: $? = 0
configure:2618: ./conftest
/work/projects/tobor/libtobor_io/configure: line 2620: ./conftest: cannot execute binary file: Exec format error
configure:2622: $? = 126
configure:2637: result: yes
configure:2642: checking for suffix of object files
configure:2664: arm-raspi-linux-gnueabi-gcc -c   conftest.c >&5
configure:2668: $? = 0
configure:2689: result: o
configure:2693: checking whether we are using the GNU C compiler
configure:2712: arm-raspi-linux-gnueabi-gcc -c   conftest.c >&5
configure:2712: $? = 0
configure:2721: result: yes
configure:2730: checking whether arm-raspi-linux-gnueabi-gcc accepts -g
configure:2750: arm-raspi-linux-gnueabi-gcc -c -g  conftest.c >&5
configure:2750: $? = 0
configure:2791: result: yes
configure:2808: checking for arm-raspi-linux-gnueabi-gcc option to accept ISO C89
configure:2871: arm-raspi-linux-gnueabi-gcc  -c -g -O2  conftest.c >&5
configure:2871: $? = 0
configure:2884: result: none needed
configure:2912: checking whether arm-raspi-linux-gnueabi-gcc understands -c and -o together
configure:2934: arm-raspi-linux-gnueabi-gcc -c conftest.c -o conftest2.o
configure:2937: $? = 0
configure:2934: arm-raspi-linux-gnueabi-gcc -c conftest.c -o conftest2.o
configure:2937: $? = 0
configure:2949: result: yes
configure:3000: checking build system type
configure:3014: result: x86_64-unknown-linux-gnu
configure:3034: checking host system type
configure:3047: result: arm-raspi-linux-gnueabi
configure:3067: checking target system type
configure:3080: result: arm-raspi-linux-gnueabi
configure:3124: checking for a BSD-compatible install
configure:3192: result: /usr/bin/install -c
configure:3203: checking whether build environment is sane
configure:3258: result: yes
configure:3293: WARNING: 'missing' script is too old or missing
configure:3314: checking for arm-raspi-linux-gnueabi-strip
configure:3330: found /work/raspberrypi/toolchainraspi/chain/bin/arm-raspi-linux-gnueabi-strip
configure:3341: result: arm-raspi-linux-gnueabi-strip
configure:3406: checking for a thread-safe mkdir -p
configure:3445: result: /bin/mkdir -p
configure:3452: checking for gawk
configure:3468: found /usr/bin/gawk
configure:3479: result: gawk
configure:3490: checking whether make sets $(MAKE)
configure:3512: result: yes
configure:3542: checking for style of include used by make
configure:3570: result: GNU
configure:3604: checking whether make supports nested variables
configure:3621: result: yes
configure:3706: checking dependency style of arm-raspi-linux-gnueabi-gcc
configure:3817: result: gcc3
configure:3923: checking how to print strings
configure:3950: result: printf
configure:3971: checking for a sed that does not truncate output
configure:4035: result: /bin/sed
configure:4053: checking for grep that handles long lines and -e
configure:4111: result: /bin/grep
configure:4116: checking for egrep
configure:4178: result: /bin/grep -E
configure:4183: checking for fgrep
configure:4245: result: /bin/grep -F
configure:4280: checking for ld used by arm-raspi-linux-gnueabi-gcc
configure:4347: result: /work/raspberrypi/toolchainraspi/chain/arm-raspi-linux-gnueabi/bin/ld
configure:4354: checking if the linker (/work/raspberrypi/toolchainraspi/chain/arm-raspi-linux-gnueabi/bin/ld) is GNU ld
configure:4369: result: yes
configure:4381: checking for BSD- or MS-compatible name lister (nm)
configure:4430: result: /work/raspberrypi/toolchainraspi/chain/bin/arm-raspi-linux-gnueabi-nm -B
configure:4560: checking the name lister (/work/raspberrypi/toolchainraspi/chain/bin/arm-raspi-linux-gnueabi-nm -B) interface
configure:4567: arm-raspi-linux-gnueabi-gcc -c -g -O2  conftest.c >&5
configure:4570: /work/raspberrypi/toolchainraspi/chain/bin/arm-raspi-linux-gnueabi-nm -B "conftest.o"
configure:4573: output
00000000 B some_variable
configure:4580: result: BSD nm
configure:4583: checking whether ln -s works
configure:4587: result: yes
configure:4595: checking the maximum length of command line arguments
configure:4726: result: 1572864
configure:4743: checking whether the shell understands some XSI constructs
configure:4753: result: yes
configure:4757: checking whether the shell understands "+="
configure:4763: result: yes
configure:4798: checking how to convert x86_64-unknown-linux-gnu file names to arm-raspi-linux-gnueabi format
configure:4838: result: func_convert_file_noop
configure:4845: checking how to convert x86_64-unknown-linux-gnu file names to toolchain format
configure:4865: result: func_convert_file_noop
configure:4872: checking for /work/raspberrypi/toolchainraspi/chain/arm-raspi-linux-gnueabi/bin/ld option to reload object files
configure:4879: result: -r
configure:4913: checking for arm-raspi-linux-gnueabi-objdump
configure:4929: found /work/raspberrypi/toolchainraspi/chain/bin/arm-raspi-linux-gnueabi-objdump
configure:4940: result: arm-raspi-linux-gnueabi-objdump
configure:5012: checking how to recognize dependent libraries
configure:5210: result: pass_all
configure:5255: checking for arm-raspi-linux-gnueabi-dlltool
configure:5285: result: no
configure:5295: checking for dlltool
configure:5325: result: no
configure:5355: checking how to associate runtime and link libraries
configure:5382: result: printf %s\n
configure:5399: checking for arm-raspi-linux-gnueabi-ar
configure:5415: found /work/raspberrypi/toolchainraspi/chain/bin/arm-raspi-linux-gnueabi-ar
configure:5426: result: arm-raspi-linux-gnueabi-ar
configure:5507: checking for archiver @FILE support
configure:5524: arm-raspi-linux-gnueabi-gcc -c -g -O2  conftest.c >&5
configure:5524: $? = 0
configure:5527: arm-raspi-linux-gnueabi-ar cru libconftest.a @conftest.lst >&5
configure:5530: $? = 0
configure:5535: arm-raspi-linux-gnueabi-ar cru libconftest.a @conftest.lst >&5
arm-raspi-linux-gnueabi-ar: conftest.o: No such file or directory
configure:5538: $? = 1
configure:5550: result: @
configure:5568: checking for arm-raspi-linux-gnueabi-strip
configure:5595: result: arm-raspi-linux-gnueabi-strip
configure:5667: checking for arm-raspi-linux-gnueabi-ranlib
configure:5683: found /work/raspberrypi/toolchainraspi/chain/bin/arm-raspi-linux-gnueabi-ranlib
configure:5694: result: arm-raspi-linux-gnueabi-ranlib
configure:5836: checking command to parse /work/raspberrypi/toolchainraspi/chain/bin/arm-raspi-linux-gnueabi-nm -B output from arm-raspi-linux-gnueabi-gcc object
configure:5956: arm-raspi-linux-gnueabi-gcc -c -g -O2  conftest.c >&5
configure:5959: $? = 0
configure:5963: /work/raspberrypi/toolchainraspi/chain/bin/arm-raspi-linux-gnueabi-nm -B conftest.o \| sed -n -e 's/^.*[ ]\([ABCDGIRSTW][ABCDGIRSTW]*\)[ ][ ]*\([_A-Za-z][_A-Za-z0-9]*\)$/\1 \2 \2/p' | sed '/ __gnu_lto/d' \> conftest.nm
configure:5966: $? = 0
configure:6032: arm-raspi-linux-gnueabi-gcc -o conftest -g -O2   conftest.c conftstm.o >&5
configure:6035: $? = 0
configure:6073: result: ok
configure:6110: checking for sysroot
configure:6140: result: no
configure:6369: checking for arm-raspi-linux-gnueabi-mt
configure:6399: result: no
configure:6409: checking for mt
configure:6425: found /bin/mt
configure:6436: result: mt
configure:6448: WARNING: using cross tools not prefixed with host triplet
configure:6459: checking if mt is a manifest tool
configure:6465: mt '-?'
configure:6473: result: no
configure:7115: checking how to run the C preprocessor
configure:7146: arm-raspi-linux-gnueabi-gcc -E  conftest.c
configure:7146: $? = 0
configure:7160: arm-raspi-linux-gnueabi-gcc -E  conftest.c
conftest.c:11:28: fatal error: ac_nonexistent.h: No such file or directory
 #include <ac_nonexistent.h>
                            ^
compilation terminated.
configure:7160: $? = 1
configure: failed program was:
| /* confdefs.h */
| #define PACKAGE_NAME "libtobor_io"
| #define PACKAGE_TARNAME "libtobor_io"
| #define PACKAGE_VERSION "1.0"
| #define PACKAGE_STRING "libtobor_io 1.0"
| #define PACKAGE_BUGREPORT ""
| #define PACKAGE_URL ""
| #define PACKAGE "libtobor_io"
| #define VERSION "1.0"
| /* end confdefs.h.  */
| #include <ac_nonexistent.h>
configure:7185: result: arm-raspi-linux-gnueabi-gcc -E
configure:7205: arm-raspi-linux-gnueabi-gcc -E  conftest.c
configure:7205: $? = 0
configure:7219: arm-raspi-linux-gnueabi-gcc -E  conftest.c
conftest.c:11:28: fatal error: ac_nonexistent.h: No such file or directory
 #include <ac_nonexistent.h>
                            ^
compilation terminated.
configure:7219: $? = 1
configure: failed program was:
| /* confdefs.h */
| #define PACKAGE_NAME "libtobor_io"
| #define PACKAGE_TARNAME "libtobor_io"
| #define PACKAGE_VERSION "1.0"
| #define PACKAGE_STRING "libtobor_io 1.0"
| #define PACKAGE_BUGREPORT ""
| #define PACKAGE_URL ""
| #define PACKAGE "libtobor_io"
| #define VERSION "1.0"
| /* end confdefs.h.  */
| #include <ac_nonexistent.h>
configure:7248: checking for ANSI C header files
configure:7268: arm-raspi-linux-gnueabi-gcc -c -g -O2  conftest.c >&5
configure:7268: $? = 0
configure:7352: result: yes
configure:7365: checking for sys/types.h
configure:7365: arm-raspi-linux-gnueabi-gcc -c -g -O2  conftest.c >&5
configure:7365: $? = 0
configure:7365: result: yes
configure:7365: checking for sys/stat.h
configure:7365: arm-raspi-linux-gnueabi-gcc -c -g -O2  conftest.c >&5
configure:7365: $? = 0
configure:7365: result: yes
configure:7365: checking for stdlib.h
configure:7365: arm-raspi-linux-gnueabi-gcc -c -g -O2  conftest.c >&5
configure:7365: $? = 0
configure:7365: result: yes
configure:7365: checking for string.h
configure:7365: arm-raspi-linux-gnueabi-gcc -c -g -O2  conftest.c >&5
configure:7365: $? = 0
configure:7365: result: yes
configure:7365: checking for memory.h
configure:7365: arm-raspi-linux-gnueabi-gcc -c -g -O2  conftest.c >&5
configure:7365: $? = 0
configure:7365: result: yes
configure:7365: checking for strings.h
configure:7365: arm-raspi-linux-gnueabi-gcc -c -g -O2  conftest.c >&5
configure:7365: $? = 0
configure:7365: result: yes
configure:7365: checking for inttypes.h
configure:7365: arm-raspi-linux-gnueabi-gcc -c -g -O2  conftest.c >&5
configure:7365: $? = 0
configure:7365: result: yes
configure:7365: checking for stdint.h
configure:7365: arm-raspi-linux-gnueabi-gcc -c -g -O2  conftest.c >&5
configure:7365: $? = 0
configure:7365: result: yes
configure:7365: checking for unistd.h
configure:7365: arm-raspi-linux-gnueabi-gcc -c -g -O2  conftest.c >&5
configure:7365: $? = 0
configure:7365: result: yes
configure:7379: checking for dlfcn.h
configure:7379: arm-raspi-linux-gnueabi-gcc -c -g -O2  conftest.c >&5
configure:7379: $? = 0
configure:7379: result: yes
configure:7585: checking for objdir
configure:7600: result: .libs
configure:7867: checking if arm-raspi-linux-gnueabi-gcc supports -fno-rtti -fno-exceptions
configure:7885: arm-raspi-linux-gnueabi-gcc -c -g -O2  -fno-rtti -fno-exceptions conftest.c >&5
cc1: warning: command line option '-fno-rtti' is valid for C++/ObjC++ but not for C
configure:7889: $? = 0
configure:7902: result: no
configure:8229: checking for arm-raspi-linux-gnueabi-gcc option to produce PIC
configure:8236: result: -fPIC -DPIC
configure:8244: checking if arm-raspi-linux-gnueabi-gcc PIC flag -fPIC -DPIC works
configure:8262: arm-raspi-linux-gnueabi-gcc -c -g -O2  -fPIC -DPIC -DPIC conftest.c >&5
configure:8266: $? = 0
configure:8279: result: yes
configure:8308: checking if arm-raspi-linux-gnueabi-gcc static flag -static works
configure:8336: result: yes
configure:8351: checking if arm-raspi-linux-gnueabi-gcc supports -c -o file.o
configure:8372: arm-raspi-linux-gnueabi-gcc -c -g -O2  -o out/conftest2.o conftest.c >&5
configure:8376: $? = 0
configure:8398: result: yes
configure:8406: checking if arm-raspi-linux-gnueabi-gcc supports -c -o file.o
configure:8453: result: yes
configure:8486: checking whether the arm-raspi-linux-gnueabi-gcc linker (/work/raspberrypi/toolchainraspi/chain/arm-raspi-linux-gnueabi/bin/ld) supports shared libraries
configure:9643: result: yes
configure:9680: checking whether -lc should be explicitly linked in
configure:9688: arm-raspi-linux-gnueabi-gcc -c -g -O2  conftest.c >&5
configure:9691: $? = 0
configure:9706: arm-raspi-linux-gnueabi-gcc -shared  -fPIC -DPIC conftest.o  -v -Wl,-soname -Wl,conftest -o conftest 2\>\&1 \| /bin/grep  -lc  \>/dev/null 2\>\&1
configure:9709: $? = 0
configure:9723: result: no
configure:9883: checking dynamic linker characteristics
configure:10383: arm-raspi-linux-gnueabi-gcc -o conftest -g -O2   -Wl,-rpath -Wl,/foo conftest.c  >&5
configure:10383: $? = 0
configure:10617: result: GNU/Linux ld.so
configure:10724: checking how to hardcode library paths into programs
configure:10749: result: immediate
configure:11289: checking whether stripping libraries is possible
configure:11294: result: yes
configure:11329: checking if libtool supports shared libraries
configure:11331: result: yes
configure:11334: checking whether to build shared libraries
configure:11355: result: yes
configure:11358: checking whether to build static libraries
configure:11362: result: yes
configure:11549: checking that generated files are newer than configure
configure:11555: result: done
configure:11578: creating ./config.status

## ---------------------- ##
## Running config.status. ##
## ---------------------- ##

This file was extended by libtobor_io config.status 1.0, which was
generated by GNU Autoconf 2.69.  Invocation command line was

  CONFIG_FILES    = 
  CONFIG_HEADERS  = 
  CONFIG_LINKS    = 
  CONFIG_COMMANDS = 
  $ ./config.status 

on hframec

config.status:1009: creating Makefile
config.status:1009: creating exampleProgram/Makefile
config.status:1009: creating libtoborio/Makefile
config.status:1009: creating include/Makefile
config.status:1181: executing depfiles commands
config.status:1181: executing libtool commands

## ---------------- ##
## Cache variables. ##
## ---------------- ##

ac_cv_build=x86_64-unknown-linux-gnu
ac_cv_c_compiler_gnu=yes
ac_cv_env_CC_set=
ac_cv_env_CC_value=
ac_cv_env_CFLAGS_set=
ac_cv_env_CFLAGS_value=
ac_cv_env_CPPFLAGS_set=
ac_cv_env_CPPFLAGS_value=
ac_cv_env_CPP_set=
ac_cv_env_CPP_value=
ac_cv_env_LDFLAGS_set=
ac_cv_env_LDFLAGS_value=
ac_cv_env_LIBS_set=
ac_cv_env_LIBS_value=
ac_cv_env_build_alias_set=
ac_cv_env_build_alias_value=
ac_cv_env_host_alias_set=set
ac_cv_env_host_alias_value=arm-raspi-linux-gnueabi
ac_cv_env_target_alias_set=
ac_cv_env_target_alias_value=
ac_cv_header_dlfcn_h=yes
ac_cv_header_inttypes_h=yes
ac_cv_header_memory_h=yes
ac_cv_header_stdc=yes
ac_cv_header_stdint_h=yes
ac_cv_header_stdlib_h=yes
ac_cv_header_string_h=yes
ac_cv_header_strings_h=yes
ac_cv_header_sys_stat_h=yes
ac_cv_header_sys_types_h=yes
ac_cv_header_unistd_h=yes
ac_cv_host=arm-raspi-linux-gnueabi
ac_cv_objext=o
ac_cv_path_EGREP='/bin/grep -E'
ac_cv_path_FGREP='/bin/grep -F'
ac_cv_path_GREP=/bin/grep
ac_cv_path_SED=/bin/sed
ac_cv_path_install='/usr/bin/install -c'
ac_cv_path_mkdir=/bin/mkdir
ac_cv_prog_AR=arm-raspi-linux-gnueabi-ar
ac_cv_prog_AWK=gawk
ac_cv_prog_CC=arm-raspi-linux-gnueabi-gcc
ac_cv_prog_CPP='arm-raspi-linux-gnueabi-gcc -E'
ac_cv_prog_OBJDUMP=arm-raspi-linux-gnueabi-objdump
ac_cv_prog_RANLIB=arm-raspi-linux-gnueabi-ranlib
ac_cv_prog_STRIP=arm-raspi-linux-gnueabi-strip
ac_cv_prog_ac_ct_MANIFEST_TOOL=mt
ac_cv_prog_cc_c89=
ac_cv_prog_cc_g=yes
ac_cv_prog_make_make_set=yes
ac_cv_target=arm-raspi-linux-gnueabi
am_cv_CC_dependencies_compiler_type=gcc3
am_cv_make_support_nested_variables=yes
am_cv_prog_cc_c_o=yes
lt_cv_ar_at_file=@
lt_cv_archive_cmds_need_lc=no
lt_cv_deplibs_check_method=pass_all
lt_cv_file_magic_cmd='$MAGIC_CMD'
lt_cv_file_magic_test_file=
lt_cv_ld_reload_flag=-r
lt_cv_nm_interface='BSD nm'
lt_cv_objdir=.libs
lt_cv_path_LD=/work/raspberrypi/toolchainraspi/chain/arm-raspi-linux-gnueabi/bin/ld
lt_cv_path_NM='/work/raspberrypi/toolchainraspi/chain/bin/arm-raspi-linux-gnueabi-nm -B'
lt_cv_path_mainfest_tool=no
lt_cv_prog_compiler_c_o=yes
lt_cv_prog_compiler_pic='-fPIC -DPIC'
lt_cv_prog_compiler_pic_works=yes
lt_cv_prog_compiler_rtti_exceptions=no
lt_cv_prog_compiler_static_works=yes
lt_cv_prog_gnu_ld=yes
lt_cv_sharedlib_from_linklib_cmd='printf %s\n'
lt_cv_shlibpath_overrides_runpath=no
lt_cv_sys_global_symbol_pipe='sed -n -e '\''s/^.*[	 ]\([ABCDGIRSTW][ABCDGIRSTW]*\)[	 ][	 ]*\([_A-Za-z][_A-Za-z0-9]*\)$/\1 \2 \2/p'\'' | sed '\''/ __gnu_lto/d'\'''
lt_cv_sys_global_symbol_to_c_name_address='sed -n -e '\''s/^: \([^ ]*\)[ ]*$/  {\"\1\", (void *) 0},/p'\'' -e '\''s/^[ABCDGIRSTW]* \([^ ]*\) \([^ ]*\)$/  {"\2", (void *) \&\2},/p'\'''
lt_cv_sys_global_symbol_to_c_name_address_lib_prefix='sed -n -e '\''s/^: \([^ ]*\)[ ]*$/  {\"\1\", (void *) 0},/p'\'' -e '\''s/^[ABCDGIRSTW]* \([^ ]*\) \(lib[^ ]*\)$/  {"\2", (void *) \&\2},/p'\'' -e '\''s/^[ABCDGIRSTW]* \([^ ]*\) \([^ ]*\)$/  {"lib\2", (void *) \&\2},/p'\'''
lt_cv_sys_global_symbol_to_cdecl='sed -n -e '\''s/^T .* \(.*\)$/extern int \1();/p'\'' -e '\''s/^[ABCDGIRSTW]* .* \(.*\)$/extern char \1;/p'\'''
lt_cv_sys_max_cmd_len=1572864
lt_cv_to_host_file_cmd=func_convert_file_noop
lt_cv_to_tool_file_cmd=func_convert_file_noop

## ----------------- ##
## Output variables. ##
## ----------------- ##

ACLOCAL='aclocal-1.14'
AMDEPBACKSLASH='\'
AMDEP_FALSE='#'
AMDEP_TRUE=''
AMTAR='$${TAR-tar}'
AM_BACKSLASH='\'
AM_DEFAULT_V='$(AM_DEFAULT_VERBOSITY)'
AM_DEFAULT_VERBOSITY='1'
AM_V='$(V)'
AR='arm-raspi-linux-gnueabi-ar'
AUTOCONF='autoconf'
AUTOHEADER='autoheader'
AUTOMAKE='automake-1.14'
AWK='gawk'
CC='arm-raspi-linux-gnueabi-gcc'
CCDEPMODE='depmode=gcc3'
CFLAGS='-g -O2'
CPP='arm-raspi-linux-gnueabi-gcc -E'
CPPFLAGS=''
CYGPATH_W='echo'
DEFS='-DPACKAGE_NAME=\"libtobor_io\" -DPACKAGE_TARNAME=\"libtobor_io\" -DPACKAGE_VERSION=\"1.0\" -DPACKAGE_STRING=\"libtobor_io\ 1.0\" -DPACKAGE_BUGREPORT=\"\" -DPACKAGE_URL=\"\" -DPACKAGE=\"libtobor_io\" -DVERSION=\"1.0\" -DSTDC_HEADERS=1 -DHAVE_SYS_TYPES_H=1 -DHAVE_SYS_STAT_H=1 -DHAVE_STDLIB_H=1 -DHAVE_STRING_H=1 -DHAVE_MEMORY_H=1 -DHAVE_STRINGS_H=1 -DHAVE_INTTYPES_H=1 -DHAVE_STDINT_H=1 -DHAVE_UNISTD_H=1 -DHAVE_DLFCN_H=1 -DLT_OBJDIR=\".libs/\"'
DEPDIR='.deps'
DLLTOOL='false'
DSYMUTIL=''
DUMPBIN=''
ECHO_C=''
ECHO_N='-n'
ECHO_T=''
EGREP='/bin/grep -E'
EXEEXT=''
FGREP='/bin/grep -F'
GREP='/bin/grep'
INSTALL_DATA='${INSTALL} -m 644'
INSTALL_PROGRAM='${INSTALL}'
INSTALL_SCRIPT='${INSTALL}'
INSTALL_STRIP_PROGRAM='$(install_sh) -c -s'
LD='/work/raspberrypi/toolchainraspi/chain/arm-raspi-linux-gnueabi/bin/ld'
LDFLAGS=''
LIBOBJS=''
LIBS=''
LIBTOOL='$(SHELL) $(top_builddir)/libtool'
LIPO=''
LN_S='ln -s'
LTLIBOBJS=''
MAKEINFO='makeinfo'
MANIFEST_TOOL=':'
MKDIR_P='/bin/mkdir -p'
NM='/work/raspberrypi/toolchainraspi/chain/bin/arm-raspi-linux-gnueabi-nm -B'
NMEDIT=''
OBJDUMP='arm-raspi-linux-gnueabi-objdump'
OBJEXT='o'
OTOOL64=''
OTOOL=''
PACKAGE='libtobor_io'
PACKAGE_BUGREPORT=''
PACKAGE_NAME='libtobor_io'
PACKAGE_STRING='libtobor_io 1.0'
PACKAGE_TARNAME='libtobor_io'
PACKAGE_URL=''
PACKAGE_VERSION='1.0'
PATH_SEPARATOR=':'
RANLIB='arm-raspi-linux-gnueabi-ranlib'
SED='/bin/sed'
SET_MAKE=''
SHELL='/bin/bash'
STRIP='arm-raspi-linux-gnueabi-strip'
VERSION='1.0'
ac_ct_AR=''
ac_ct_CC=''
ac_ct_DUMPBIN=''
am__EXEEXT_FALSE=''
am__EXEEXT_TRUE='#'
am__fastdepCC_FALSE='#'
am__fastdepCC_TRUE=''
am__include='include'
am__isrc=''
am__leading_dot='.'
am__nodep='_no'
am__quote=''
am__tar='$${TAR-tar} chof - "$$tardir"'
am__untar='$${TAR-tar} xf -'
bindir='${exec_prefix}/bin'
build='x86_64-unknown-linux-gnu'
build_alias=''
build_cpu='x86_64'
build_os='linux-gnu'
build_vendor='unknown'
datadir='${datarootdir}'
datarootdir='${prefix}/share'
docdir='${datarootdir}/doc/${PACKAGE_TARNAME}'
dvidir='${docdir}'
exec_prefix='${prefix}'
host='arm-raspi-linux-gnueabi'
host_alias='arm-raspi-linux-gnueabi'
host_cpu='arm'
host_os='linux-gnueabi'
host_vendor='raspi'
htmldir='${docdir}'
includedir='${prefix}/include'
infodir='${datarootdir}/info'
install_sh='${SHELL} /root/install-sh'
libdir='${exec_prefix}/lib'
libexecdir='${exec_prefix}/libexec'
localedir='${datarootdir}/locale'
localstatedir='${prefix}/var'
mandir='${datarootdir}/man'
mkdir_p='$(MKDIR_P)'
oldincludedir='/usr/include'
pdfdir='${docdir}'
prefix='/usr/local'
program_transform_name='s,x,x,'
psdir='${docdir}'
sbindir='${exec_prefix}/sbin'
sharedstatedir='${prefix}/com'
sysconfdir='${prefix}/etc'
target='arm-raspi-linux-gnueabi'
target_alias=''
target_cpu='arm'
target_os='linux-gnueabi'
target_vendor='raspi'

## ----------- ##
## confdefs.h. ##
## ----------- ##

/* confdefs.h */
#define PACKAGE_NAME "libtobor_io"
#define PACKAGE_TARNAME "libtobor_io"
#define PACKAGE_VERSION "1.0"
#define PACKAGE_STRING "libtobor_io 1.0"
#define PACKAGE_BUGREPORT ""
#define PACKAGE_URL ""
#define PACKAGE "libtobor_io"
#define VERSION "1.0"
#define STDC_HEADERS 1
#define HAVE_SYS_TYPES_H 1
#define HAVE_SYS_STAT_H 1
#define HAVE_STDLIB_H 1
#define HAVE_STRING_H 1
#define HAVE_MEMORY_H 1
#define HAVE_STRINGS_H 1
#define HAVE_INTTYPES_H 1
#define HAVE_STDINT_H 1
#define HAVE_UNISTD_H 1
#define HAVE_DLFCN_H 1
#define LT_OBJDIR ".libs/"

configure: exit 0

## ---------------------- ##
## Running config.status. ##
## ---------------------- ##

This file was extended by libtobor_io config.status 1.0, which was
generated by GNU Autoconf 2.69.  Invocation command line was

  CONFIG_FILES    = 
  CONFIG_HEADERS  = 
  CONFIG_LINKS    = 
  CONFIG_COMMANDS = 
  $ ./config.status libtoborio/Makefile depfiles

on hframec

config.status:1009: creating libtoborio/Makefile
config.status:1181: executing depfiles commands

## ---------------------- ##
## Running config.status. ##
## ---------------------- ##

This file was extended by libtobor_io config.status 1.0, which was
generated by GNU Autoconf 2.69.  Invocation command line was

  CONFIG_FILES    = 
  CONFIG_HEADERS  = 
  CONFIG_LINKS    = 
  CONFIG_COMMANDS = 
  $ ./config.status include/Makefile

on hframec

config.status:1009: creating include/Makefile
